avr. 27, 2019 5:04:31 AM services.UserLogService sendlog
AVERTISSEMENT: Seddik Hamdi Three failed  Login attempts
avr. 27, 2019 5:04:53 AM services.UserLogService sendlog
AVERTISSEMENT: Seddik Hamdi Three failed  Login attempts
avr. 27, 2019 5:05:43 AM services.UserLogService sendlog
AVERTISSEMENT: Seddik welcome Three failed  Login attempts
mai 01, 2019 1:57:33 AM services.UserLogService sendlog
AVERTISSEMENT: gaaas gaaas Three failed  Login attempts
mai 01, 2019 1:58:55 AM services.UserLogService sendlog
INFOS: gaaas gaaas Successful Login 
mai 02, 2019 2:13:09 AM services.UserLogService sendlog
INFOS: Seddik Hamdi Successful Login 
mai 02, 2019 2:13:50 AM services.UserLogService sendlog
INFOS: gaaas gaaas Successful Login 
mai 02, 2019 2:14:44 AM services.UserLogService sendlog
INFOS: Seddik Hamdi Successful Login 
mai 02, 2019 3:45:52 PM services.UserLogService sendlog
INFOS: Seddik Hamdi Successful Login 
mai 03, 2019 10:13:31 PM services.UserLogService sendlog
INFOS: gaaas gaaas Successful Login 
mai 03, 2019 10:13:58 PM services.UserLogService sendlog
INFOS: gaaas gaaas Successful Login 
mai 04, 2019 1:08:00 AM services.UserLogService sendlog
INFOS: gaaas gaaas Successful Login 
mai 04, 2019 1:08:39 AM services.UserLogService sendlog
INFOS: gaaas gaaas Successful Login 
mai 04, 2019 1:39:47 AM services.UserLogService sendlog
INFOS: ywaaaa ywaaaa Successful Login 
mai 04, 2019 1:39:59 AM services.UserLogService sendlog
INFOS: Seddik Hamdi Successful Login 
mai 04, 2019 2:50:46 AM services.UserLogService sendlog
INFOS: Follllllll Follllllll Successful Login 
mai 04, 2019 2:53:43 AM services.UserLogService sendlog
INFOS: Follala Follala Successful Login 
mai 04, 2019 4:31:45 PM services.UserLogService sendlog
INFOS: Seddik Hamdi Successful Login 
mai 04, 2019 7:26:08 PM services.UserLogService sendlog
INFOS: Seddik Hamdi Successful Login 
mai 04, 2019 8:24:26 PM services.UserLogService sendlog
INFOS: Seddik Hamdi Successful Login 
mai 04, 2019 10:00:00 PM services.UserLogService sendlog
INFOS: Seddik Hamdi Successful Login 
mai 04, 2019 10:41:00 PM services.UserLogService sendlog
INFOS: Seddik Hamdi Successful Login 
mai 05, 2019 12:32:12 AM services.UserLogService sendlog
INFOS: Seddik Hamdi Successful Login 
